<?xml version="1.0" encoding="UTF-8" standalone="yes"?><!DOCTYPE report PUBLIC "-//JACOCO//DTD Report 1.0//EN" "report.dtd"><report name="service.external.common"><sessioninfo id="elektra-728b759d" start="1494957199237" dump="1494957200481"/><sessioninfo id="elektra-20cb6dbc" start="1494958061279" dump="1494958062220"/><sessioninfo id="elektra-940c4a3" start="1494958540422" dump="1494958543972"/><sessioninfo id="elektra-1d62c221" start="1494958791374" dump="1494958794422"/><sessioninfo id="elektra-a3c8b1c2" start="1494959035290" dump="1494959043509"/><sessioninfo id="elektra-ffb87d07" start="1494959341122" dump="1494959344099"/><sessioninfo id="elektra-edf68c87" start="1494960102106" dump="1494960105282"/><sessioninfo id="elektra-9cde12a7" start="1494960354872" dump="1494960357821"/><sessioninfo id="elektra-d9438e55" start="1494960603623" dump="1494960606773"/><sessioninfo id="elektra-415f40bc" start="1494960873977" dump="1494960877070"/><sessioninfo id="elektra-5268a624" start="1494961148878" dump="1494961151920"/><sessioninfo id="elektra-6b6bb0f4" start="1494961437198" dump="1494961440505"/><sessioninfo id="elektra-ecedd83" start="1494961785042" dump="1494961788121"/><sessioninfo id="elektra-6a51ddd8" start="1494962142365" dump="1494962145149"/><sessioninfo id="elektra-23aa0ecf" start="1494962448593" dump="1494962451933"/><sessioninfo id="elektra-95ab03ab" start="1494962863399" dump="1494962866492"/><sessioninfo id="elektra-5c6d17e8" start="1494964307629" dump="1494964310957"/><sessioninfo id="elektra-6eff4ae6" start="1494965114853" dump="1494965118007"/><sessioninfo id="elektra-c5dd49b8" start="1494969484971" dump="1494969485935"/><sessioninfo id="elektra-353c747c" start="1494970796591" dump="1494970798444"/><package name="com/hack23/cia/service/external/common/impl"><class name="com/hack23/cia/service/external/common/impl/XmlAgentImpl"><method name="&lt;init&gt;" desc="()V" line="62"><counter type="INSTRUCTION" missed="0" covered="3"/><counter type="LINE" missed="0" covered="2"/><counter type="COMPLEXITY" missed="0" covered="1"/><counter type="METHOD" missed="0" covered="1"/></method><method name="readWithStringBuffer" desc="(Ljava/io/Reader;)Ljava/lang/String;" line="76"><counter type="INSTRUCTION" missed="0" covered="22"/><counter type="BRANCH" missed="0" covered="2"/><counter type="LINE" missed="0" covered="5"/><counter type="COMPLEXITY" missed="0" covered="2"/><counter type="METHOD" missed="0" covered="1"/></method><method name="retriveContent" desc="(Ljava/lang/String;)Ljava/lang/String;" line="88"><counter type="INSTRUCTION" missed="0" covered="21"/><counter type="LINE" missed="0" covered="4"/><counter type="COMPLEXITY" missed="0" covered="1"/><counter type="METHOD" missed="0" covered="1"/></method><method name="setNameSpaceOnXmlStream" desc="(Ljava/io/InputStream;Ljava/lang/String;)Ljavax/xml/transform/Source;" line="109"><counter type="INSTRUCTION" missed="0" covered="23"/><counter type="LINE" missed="0" covered="4"/><counter type="COMPLEXITY" missed="0" covered="1"/><counter type="METHOD" missed="0" covered="1"/></method><method name="unmarshallXml" desc="(Lorg/springframework/oxm/Unmarshaller;Ljava/lang/String;)Ljava/lang/Object;" line="118"><counter type="INSTRUCTION" missed="0" covered="8"/><counter type="LINE" missed="0" covered="1"/><counter type="COMPLEXITY" missed="0" covered="1"/><counter type="METHOD" missed="0" covered="1"/></method><method name="unmarshallXml" desc="(Lorg/springframework/oxm/Unmarshaller;Ljava/lang/String;Ljava/lang/String;Ljava/lang/String;Ljava/lang/String;)Ljava/lang/Object;" line="125"><counter type="INSTRUCTION" missed="13" covered="56"/><counter type="BRANCH" missed="3" covered="7"/><counter type="LINE" missed="1" covered="12"/><counter type="COMPLEXITY" missed="3" covered="3"/><counter type="METHOD" missed="0" covered="1"/></method><method name="readInputStream" desc="(Ljava/lang/String;)Ljava/lang/String;" line="163"><counter type="INSTRUCTION" missed="0" covered="26"/><counter type="LINE" missed="0" covered="5"/><counter type="COMPLEXITY" missed="0" covered="1"/><counter type="METHOD" missed="0" covered="1"/></method><method name="&lt;clinit&gt;" desc="()V" line="55"><counter type="INSTRUCTION" missed="0" covered="4"/><counter type="LINE" missed="0" covered="2"/><counter type="COMPLEXITY" missed="0" covered="1"/><counter type="METHOD" missed="0" covered="1"/></method><counter type="INSTRUCTION" missed="13" covered="163"/><counter type="BRANCH" missed="3" covered="9"/><counter type="LINE" missed="1" covered="35"/><counter type="COMPLEXITY" missed="3" covered="11"/><counter type="METHOD" missed="0" covered="8"/><counter type="CLASS" missed="0" covered="1"/></class><sourcefile name="XmlAgentImpl.java"><line nr="55" mi="0" ci="2" mb="0" cb="0"/><line nr="56" mi="0" ci="2" mb="0" cb="0"/><line nr="62" mi="0" ci="2" mb="0" cb="0"/><line nr="63" mi="0" ci="1" mb="0" cb="0"/><line nr="76" mi="0" ci="5" mb="0" cb="0"/><line nr="78" mi="0" ci="4" mb="0" cb="0"/><line nr="79" mi="0" ci="5" mb="0" cb="2"/><line nr="80" mi="0" ci="5" mb="0" cb="0"/><line nr="83" mi="0" ci="3" mb="0" cb="0"/><line nr="88" mi="0" ci="8" mb="0" cb="0"/><line nr="90" mi="0" ci="5" mb="0" cb="0"/><line nr="91" mi="0" ci="5" mb="0" cb="0"/><line nr="93" mi="0" ci="3" mb="0" cb="0"/><line nr="109" mi="0" ci="8" mb="0" cb="0"/><line nr="110" mi="0" ci="4" mb="0" cb="0"/><line nr="111" mi="0" ci="6" mb="0" cb="0"/><line nr="112" mi="0" ci="5" mb="0" cb="0"/><line nr="118" mi="0" ci="8" mb="0" cb="0"/><line nr="125" mi="0" ci="4" mb="0" cb="0"/><line nr="127" mi="2" ci="14" mb="2" cb="2"/><line nr="130" mi="0" ci="2" mb="1" cb="1"/><line nr="131" mi="11" ci="0" mb="0" cb="0"/><line nr="133" mi="0" ci="6" mb="0" cb="0"/><line nr="136" mi="0" ci="2" mb="0" cb="2"/><line nr="137" mi="0" ci="5" mb="0" cb="0"/><line nr="140" mi="0" ci="4" mb="0" cb="0"/><line nr="141" mi="0" ci="3" mb="0" cb="0"/><line nr="144" mi="0" ci="2" mb="0" cb="2"/><line nr="145" mi="0" ci="5" mb="0" cb="0"/><line nr="147" mi="0" ci="5" mb="0" cb="0"/><line nr="150" mi="0" ci="4" mb="0" cb="0"/><line nr="163" mi="0" ci="8" mb="0" cb="0"/><line nr="165" mi="0" ci="3" mb="0" cb="0"/><line nr="167" mi="0" ci="3" mb="0" cb="0"/><line nr="170" mi="0" ci="9" mb="0" cb="0"/><line nr="173" mi="0" ci="3" mb="0" cb="0"/><counter type="INSTRUCTION" missed="13" covered="163"/><counter type="BRANCH" missed="3" covered="9"/><counter type="LINE" missed="1" covered="35"/><counter type="COMPLEXITY" missed="3" covered="11"/><counter type="METHOD" missed="0" covered="8"/><counter type="CLASS" missed="0" covered="1"/></sourcefile><counter type="INSTRUCTION" missed="13" covered="163"/><counter type="BRANCH" missed="3" covered="9"/><counter type="LINE" missed="1" covered="35"/><counter type="COMPLEXITY" missed="3" covered="11"/><counter type="METHOD" missed="0" covered="8"/><counter type="CLASS" missed="0" covered="1"/></package><counter type="INSTRUCTION" missed="13" covered="163"/><counter type="BRANCH" missed="3" covered="9"/><counter type="LINE" missed="1" covered="35"/><counter type="COMPLEXITY" missed="3" covered="11"/><counter type="METHOD" missed="0" covered="8"/><counter type="CLASS" missed="0" covered="1"/></report>