<?xml version="1.0" encoding="UTF-8" standalone="yes"?><!DOCTYPE report PUBLIC "-//JACOCO//DTD Report 1.0//EN" "report.dtd"><report name="encrypt.properties"><sessioninfo id="elektra-45f0351f" start="1494880581555" dump="1494880582778"/><sessioninfo id="elektra-bbb66b19" start="1494881369473" dump="1494881370172"/><sessioninfo id="elektra-16bec3a3" start="1494881809634" dump="1494881813301"/><sessioninfo id="elektra-50c5f395" start="1494882034133" dump="1494882037263"/><sessioninfo id="elektra-bac5335c" start="1494882617801" dump="1494882625837"/><sessioninfo id="elektra-9db76d3c" start="1494882842354" dump="1494882845406"/><sessioninfo id="elektra-e25dab08" start="1494883066353" dump="1494883069531"/><sessioninfo id="elektra-76f02722" start="1494883285092" dump="1494883288065"/><sessioninfo id="elektra-a00947b4" start="1494883499667" dump="1494883502688"/><sessioninfo id="elektra-c0c3e3d8" start="1494883703032" dump="1494883706212"/><sessioninfo id="elektra-aa83dc5c" start="1494883935064" dump="1494883938726"/><sessioninfo id="elektra-d03ab3fd" start="1494884161615" dump="1494884164980"/><sessioninfo id="elektra-a73de894" start="1494884388584" dump="1494884391839"/><sessioninfo id="elektra-a23e0d6c" start="1494884598713" dump="1494884601458"/><sessioninfo id="elektra-73fbc30" start="1494884815035" dump="1494884818426"/><sessioninfo id="elektra-fc76a804" start="1494885049915" dump="1494885053149"/><sessioninfo id="elektra-af7efc13" start="1494885361762" dump="1494885365242"/><sessioninfo id="elektra-3986326c" start="1494885660621" dump="1494885663719"/><sessioninfo id="elektra-76e02e35" start="1494888221018" dump="1494888221960"/><sessioninfo id="elektra-6024bd50" start="1494888876520" dump="1494888878560"/><sessioninfo id="elektra-6c8466f4" start="1494889092302" dump="1494889129246"/><sessioninfo id="elektra-3c238b9b" start="1494889372825" dump="1494889408403"/><sessioninfo id="elektra-35e1617b" start="1494889609365" dump="1494889617193"/><sessioninfo id="elektra-b24cff04" start="1494889833841" dump="1494889836444"/><sessioninfo id="elektra-1b37b27e" start="1494890066704" dump="1494890114164"/><sessioninfo id="elektra-8adbfd4f" start="1494890380873" dump="1494890476660"/><sessioninfo id="elektra-274830e6" start="1494890715075" dump="1494890767288"/><sessioninfo id="elektra-96dc269d" start="1494891565155" dump="1494891566926"/><package name="com/hack23/cia/encryption/properties"><class name="com/hack23/cia/encryption/properties/EncryptProperty"><method name="&lt;init&gt;" desc="()V" line="60"><counter type="INSTRUCTION" missed="0" covered="3"/><counter type="LINE" missed="0" covered="2"/><counter type="COMPLEXITY" missed="0" covered="1"/><counter type="METHOD" missed="0" covered="1"/></method><method name="main" desc="([Ljava/lang/String;)V" line="69"><counter type="INSTRUCTION" missed="0" covered="42"/><counter type="BRANCH" missed="0" covered="2"/><counter type="LINE" missed="0" covered="7"/><counter type="COMPLEXITY" missed="0" covered="2"/><counter type="METHOD" missed="0" covered="1"/></method><method name="encryptValue" desc="(Ljava/lang/String;Ljava/lang/String;)Ljava/lang/String;" line="88"><counter type="INSTRUCTION" missed="0" covered="5"/><counter type="LINE" missed="0" covered="1"/><counter type="COMPLEXITY" missed="0" covered="1"/><counter type="METHOD" missed="0" covered="1"/></method><method name="getEncryptor" desc="(Ljava/lang/String;)Lorg/jasypt/encryption/pbe/StandardPBEStringEncryptor;" line="100"><counter type="INSTRUCTION" missed="0" covered="20"/><counter type="LINE" missed="0" covered="6"/><counter type="COMPLEXITY" missed="0" covered="1"/><counter type="METHOD" missed="0" covered="1"/></method><method name="decryptValue" desc="(Ljava/lang/String;Ljava/lang/String;)Ljava/lang/String;" line="119"><counter type="INSTRUCTION" missed="0" covered="5"/><counter type="LINE" missed="0" covered="1"/><counter type="COMPLEXITY" missed="0" covered="1"/><counter type="METHOD" missed="0" covered="1"/></method><counter type="INSTRUCTION" missed="0" covered="75"/><counter type="BRANCH" missed="0" covered="2"/><counter type="LINE" missed="0" covered="17"/><counter type="COMPLEXITY" missed="0" covered="6"/><counter type="METHOD" missed="0" covered="5"/><counter type="CLASS" missed="0" covered="1"/></class><sourcefile name="EncryptProperty.java"><line nr="60" mi="0" ci="2" mb="0" cb="0"/><line nr="61" mi="0" ci="1" mb="0" cb="0"/><line nr="69" mi="0" ci="4" mb="0" cb="2"/><line nr="70" mi="0" ci="11" mb="0" cb="0"/><line nr="71" mi="0" ci="10" mb="0" cb="0"/><line nr="72" mi="0" ci="12" mb="0" cb="0"/><line nr="73" mi="0" ci="1" mb="0" cb="0"/><line nr="74" mi="0" ci="3" mb="0" cb="0"/><line nr="76" mi="0" ci="1" mb="0" cb="0"/><line nr="88" mi="0" ci="5" mb="0" cb="0"/><line nr="100" mi="0" ci="5" mb="0" cb="0"/><line nr="101" mi="0" ci="4" mb="0" cb="0"/><line nr="102" mi="0" ci="3" mb="0" cb="0"/><line nr="103" mi="0" ci="3" mb="0" cb="0"/><line nr="104" mi="0" ci="3" mb="0" cb="0"/><line nr="105" mi="0" ci="2" mb="0" cb="0"/><line nr="119" mi="0" ci="5" mb="0" cb="0"/><counter type="INSTRUCTION" missed="0" covered="75"/><counter type="BRANCH" missed="0" covered="2"/><counter type="LINE" missed="0" covered="17"/><counter type="COMPLEXITY" missed="0" covered="6"/><counter type="METHOD" missed="0" covered="5"/><counter type="CLASS" missed="0" covered="1"/></sourcefile><counter type="INSTRUCTION" missed="0" covered="75"/><counter type="BRANCH" missed="0" covered="2"/><counter type="LINE" missed="0" covered="17"/><counter type="COMPLEXITY" missed="0" covered="6"/><counter type="METHOD" missed="0" covered="5"/><counter type="CLASS" missed="0" covered="1"/></package><counter type="INSTRUCTION" missed="0" covered="75"/><counter type="BRANCH" missed="0" covered="2"/><counter type="LINE" missed="0" covered="17"/><counter type="COMPLEXITY" missed="0" covered="6"/><counter type="METHOD" missed="0" covered="5"/><counter type="CLASS" missed="0" covered="1"/></report>