<?xml version="1.0" encoding="UTF-8" standalone="yes"?><!DOCTYPE report PUBLIC "-//JACOCO//DTD Report 1.0//EN" "report.dtd"><report name="jms-broker"><sessioninfo id="elektra-eccb05c" start="1494574756827" dump="1494574758057"/><sessioninfo id="elektra-689725c5" start="1494575424461" dump="1494575425194"/><sessioninfo id="elektra-833813df" start="1494575779744" dump="1494575783834"/><sessioninfo id="elektra-3f64be52" start="1494575965374" dump="1494575968361"/><sessioninfo id="elektra-bd1f1a4f" start="1494576147964" dump="1494576155952"/><sessioninfo id="elektra-1da7067d" start="1494576330475" dump="1494576333617"/><sessioninfo id="elektra-276a07df" start="1494576504044" dump="1494576507414"/><sessioninfo id="elektra-3ef7c1fe" start="1494576679317" dump="1494576682238"/><sessioninfo id="elektra-4d4d56e8" start="1494576862383" dump="1494576865274"/><sessioninfo id="elektra-f83dd246" start="1494577046045" dump="1494577049132"/><sessioninfo id="elektra-9bbda3e7" start="1494577228681" dump="1494577231813"/><sessioninfo id="elektra-d8cc4169" start="1494577402307" dump="1494577405544"/><sessioninfo id="elektra-be53589c" start="1494577578006" dump="1494577581204"/><sessioninfo id="elektra-aa1ec099" start="1494577746920" dump="1494577749621"/><sessioninfo id="elektra-be843e8d" start="1494577926079" dump="1494577930008"/><sessioninfo id="elektra-5ed90bba" start="1494578114000" dump="1494578117125"/><sessioninfo id="elektra-c462fc2" start="1494578298217" dump="1494578301724"/><sessioninfo id="elektra-5c423774" start="1494578472196" dump="1494578475334"/><sessioninfo id="elektra-e2b622a0" start="1494580017298" dump="1494580018217"/></report>