<?xml version="1.0" encoding="UTF-8" standalone="yes"?><!DOCTYPE report PUBLIC "-//JACOCO//DTD Report 1.0//EN" "report.dtd"><report name="service.data.api"><sessioninfo id="elektra-afec1b7e" start="1494404545409" dump="1494404546640"/><sessioninfo id="elektra-d60691b7" start="1494405806175" dump="1494405806922"/><sessioninfo id="elektra-73a15be3" start="1494406344936" dump="1494406348361"/><sessioninfo id="elektra-a89e5491" start="1494406633303" dump="1494406636449"/><sessioninfo id="elektra-6fe15ed7" start="1494406819551" dump="1494406828210"/><sessioninfo id="elektra-f9f88aac" start="1494407008070" dump="1494407011194"/><sessioninfo id="elektra-ed212e8" start="1494407192463" dump="1494407195548"/><sessioninfo id="elektra-a50afe41" start="1494407380560" dump="1494407385309"/><sessioninfo id="elektra-4fc356b3" start="1494407583845" dump="1494407588571"/><sessioninfo id="elektra-5f4a6a64" start="1494407774147" dump="1494407778676"/><sessioninfo id="elektra-6f1e49ec" start="1494407989798" dump="1494407996071"/><sessioninfo id="elektra-309a5e65" start="1494408186687" dump="1494408194190"/><sessioninfo id="elektra-f9581cb" start="1494408410280" dump="1494408414525"/><sessioninfo id="elektra-fe7829a3" start="1494408609966" dump="1494408614366"/><sessioninfo id="elektra-123bc6c4" start="1494408832061" dump="1494408839104"/><sessioninfo id="elektra-bda2ea1f" start="1494409108446" dump="1494409115347"/><sessioninfo id="elektra-ae5e681c" start="1494409330745" dump="1494409334029"/><sessioninfo id="elektra-449a7883" start="1494409516895" dump="1494409522484"/></report>