<?xml version="1.0" encoding="UTF-8" standalone="yes"?><!DOCTYPE report PUBLIC "-//JACOCO//DTD Report 1.0//EN" "report.dtd"><report name="Web-Widgets"><sessioninfo id="elektra-ea556ec2" start="1494754595042" dump="1494754596473"/><sessioninfo id="elektra-67f3755a" start="1494755324112" dump="1494755324805"/><sessioninfo id="elektra-ab6f1e21" start="1494755714283" dump="1494755717813"/><sessioninfo id="elektra-1a571f3c" start="1494755909389" dump="1494755912516"/><sessioninfo id="elektra-d2bb5db7" start="1494756096699" dump="1494756105124"/><sessioninfo id="elektra-7785f35c" start="1494756302921" dump="1494756305916"/><sessioninfo id="elektra-41bd328f" start="1494756498920" dump="1494756502013"/><sessioninfo id="elektra-50ef8c20" start="1494756694908" dump="1494756697761"/><sessioninfo id="elektra-f41decf" start="1494756886672" dump="1494756889613"/><sessioninfo id="elektra-166787a0" start="1494757076007" dump="1494757078988"/><sessioninfo id="elektra-1b73acda" start="1494757267343" dump="1494757270465"/><sessioninfo id="elektra-3fdf5190" start="1494757459307" dump="1494757462554"/><sessioninfo id="elektra-9030a3a9" start="1494757650785" dump="1494757653950"/><sessioninfo id="elektra-dd143e11" start="1494757848223" dump="1494757851658"/><sessioninfo id="elektra-4a0189a9" start="1494758044526" dump="1494758048374"/><sessioninfo id="elektra-8b84d234" start="1494758247888" dump="1494758251068"/><sessioninfo id="elektra-f957f209" start="1494758440565" dump="1494758444054"/><sessioninfo id="elektra-90e192f8" start="1494758634580" dump="1494758637758"/><sessioninfo id="elektra-9bcec19" start="1494760351386" dump="1494760352340"/><sessioninfo id="elektra-e79bf480" start="1494760915085" dump="1494760916935"/><sessioninfo id="elektra-49d46134" start="1494761111599" dump="1494761138009"/><sessioninfo id="elektra-5f4c95df" start="1494761334590" dump="1494761369721"/><sessioninfo id="elektra-5050425b" start="1494761566314" dump="1494761574459"/><sessioninfo id="elektra-593c966" start="1494761759688" dump="1494761762148"/><sessioninfo id="elektra-f054a1f9" start="1494761976041" dump="1494762448508"/><sessioninfo id="elektra-afefc3fa" start="1494762668439" dump="1494762711937"/><sessioninfo id="elektra-8867111c" start="1494762923685" dump="1494763431933"/></report>