<?xml version="1.0" encoding="UTF-8" standalone="yes"?><!DOCTYPE report PUBLIC "-//JACOCO//DTD Report 1.0//EN" "report.dtd"><report name="service.external.val"><sessioninfo id="elektra-b568011e" start="1494607022119" dump="1494607023294"/><sessioninfo id="elektra-10c5c9b2" start="1494607787323" dump="1494607789344"/><sessioninfo id="elektra-a892385c" start="1494608156687" dump="1494608160179"/><sessioninfo id="elektra-6917e1c5" start="1494608339201" dump="1494608342252"/><sessioninfo id="elektra-96869a94" start="1494608530518" dump="1494608538522"/><sessioninfo id="elektra-ea936940" start="1494608719354" dump="1494608722299"/><sessioninfo id="elektra-49eb0539" start="1494608897830" dump="1494608900996"/><sessioninfo id="elektra-48ed3591" start="1494609093090" dump="1494609096039"/><sessioninfo id="elektra-33682fef" start="1494609270706" dump="1494609273650"/><sessioninfo id="elektra-329d5c32" start="1494609451012" dump="1494609454057"/><sessioninfo id="elektra-b0d7e57a" start="1494609640525" dump="1494609643631"/><sessioninfo id="elektra-48880566" start="1494609823703" dump="1494609827027"/><sessioninfo id="elektra-bb35a9d5" start="1494610018690" dump="1494610021914"/><sessioninfo id="elektra-29bcaf21" start="1494610212787" dump="1494610216065"/><sessioninfo id="elektra-a5bad7e7" start="1494610393039" dump="1494610396986"/><sessioninfo id="elektra-f2591867" start="1494610583492" dump="1494610586704"/><sessioninfo id="elektra-7b19355d" start="1494610770862" dump="1494610774224"/><sessioninfo id="elektra-19215087" start="1494610953902" dump="1494610957162"/><sessioninfo id="elektra-4cff707d" start="1494612548715" dump="1494612549702"/><sessioninfo id="elektra-bf2db400" start="1494613070620" dump="1494613072417"/><sessioninfo id="elektra-9daab745" start="1494613258617" dump="1494613291261"/><sessioninfo id="elektra-ac701c3" start="1494613468458" dump="1494613503599"/><sessioninfo id="elektra-addfeef0" start="1494613689354" dump="1494613695129"/><sessioninfo id="elektra-e5c31f7b" start="1494613872403" dump="1494613875666"/><package name="com/hack23/cia/service/external/val/impl"><class name="com/hack23/cia/service/external/val/impl/ValApiImpl"><method name="&lt;init&gt;" desc="()V" line="84"><counter type="INSTRUCTION" missed="0" covered="3"/><counter type="LINE" missed="0" covered="2"/><counter type="COMPLEXITY" missed="0" covered="1"/><counter type="METHOD" missed="0" covered="1"/></method><method name="getElectionTypes" desc="()Ljava/util/List;" line="89"><counter type="INSTRUCTION" missed="10" covered="19"/><counter type="LINE" missed="3" covered="4"/><counter type="COMPLEXITY" missed="0" covered="1"/><counter type="METHOD" missed="0" covered="1"/></method><method name="getParliamentElectoralRegions" desc="()Ljava/util/List;" line="104"><counter type="INSTRUCTION" missed="10" covered="19"/><counter type="LINE" missed="3" covered="4"/><counter type="COMPLEXITY" missed="0" covered="1"/><counter type="METHOD" missed="0" covered="1"/></method><method name="getCountyElectoralRegions" desc="()Ljava/util/List;" line="119"><counter type="INSTRUCTION" missed="10" covered="19"/><counter type="LINE" missed="3" covered="4"/><counter type="COMPLEXITY" missed="0" covered="1"/><counter type="METHOD" missed="0" covered="1"/></method><method name="getCountyRegions" desc="()Ljava/util/List;" line="134"><counter type="INSTRUCTION" missed="10" covered="19"/><counter type="LINE" missed="3" covered="4"/><counter type="COMPLEXITY" missed="0" covered="1"/><counter type="METHOD" missed="0" covered="1"/></method><method name="getSwedenElectionRegion" desc="()Lcom/hack23/cia/model/external/val/partier/impl/SwedenElectionRegion;" line="147"><counter type="INSTRUCTION" missed="10" covered="23"/><counter type="LINE" missed="3" covered="4"/><counter type="COMPLEXITY" missed="0" covered="1"/><counter type="METHOD" missed="0" covered="1"/></method><method name="getSwedenPoliticalParties" desc="()Ljava/util/List;" line="162"><counter type="INSTRUCTION" missed="0" covered="4"/><counter type="LINE" missed="0" covered="1"/><counter type="COMPLEXITY" missed="0" covered="1"/><counter type="METHOD" missed="0" covered="1"/></method><method name="&lt;clinit&gt;" desc="()V" line="54"><counter type="INSTRUCTION" missed="0" covered="4"/><counter type="LINE" missed="0" covered="1"/><counter type="COMPLEXITY" missed="0" covered="1"/><counter type="METHOD" missed="0" covered="1"/></method><counter type="INSTRUCTION" missed="50" covered="110"/><counter type="LINE" missed="15" covered="24"/><counter type="COMPLEXITY" missed="0" covered="8"/><counter type="METHOD" missed="0" covered="8"/><counter type="CLASS" missed="0" covered="1"/></class><sourcefile name="ValApiImpl.java"><line nr="54" mi="0" ci="4" mb="0" cb="0"/><line nr="84" mi="0" ci="2" mb="0" cb="0"/><line nr="85" mi="0" ci="1" mb="0" cb="0"/><line nr="89" mi="0" ci="4" mb="0" cb="0"/><line nr="92" mi="0" ci="8" mb="0" cb="0"/><line nr="93" mi="0" ci="4" mb="0" cb="0"/><line nr="94" mi="0" ci="3" mb="0" cb="0"/><line nr="95" mi="1" ci="0" mb="0" cb="0"/><line nr="96" mi="4" ci="0" mb="0" cb="0"/><line nr="97" mi="5" ci="0" mb="0" cb="0"/><line nr="104" mi="0" ci="4" mb="0" cb="0"/><line nr="106" mi="0" ci="8" mb="0" cb="0"/><line nr="107" mi="0" ci="4" mb="0" cb="0"/><line nr="108" mi="0" ci="3" mb="0" cb="0"/><line nr="109" mi="1" ci="0" mb="0" cb="0"/><line nr="110" mi="4" ci="0" mb="0" cb="0"/><line nr="111" mi="5" ci="0" mb="0" cb="0"/><line nr="119" mi="0" ci="4" mb="0" cb="0"/><line nr="121" mi="0" ci="8" mb="0" cb="0"/><line nr="122" mi="0" ci="4" mb="0" cb="0"/><line nr="123" mi="0" ci="3" mb="0" cb="0"/><line nr="124" mi="1" ci="0" mb="0" cb="0"/><line nr="125" mi="4" ci="0" mb="0" cb="0"/><line nr="126" mi="5" ci="0" mb="0" cb="0"/><line nr="134" mi="0" ci="4" mb="0" cb="0"/><line nr="136" mi="0" ci="8" mb="0" cb="0"/><line nr="137" mi="0" ci="4" mb="0" cb="0"/><line nr="138" mi="0" ci="3" mb="0" cb="0"/><line nr="139" mi="1" ci="0" mb="0" cb="0"/><line nr="140" mi="4" ci="0" mb="0" cb="0"/><line nr="141" mi="5" ci="0" mb="0" cb="0"/><line nr="147" mi="0" ci="4" mb="0" cb="0"/><line nr="150" mi="0" ci="8" mb="0" cb="0"/><line nr="151" mi="0" ci="4" mb="0" cb="0"/><line nr="152" mi="0" ci="7" mb="0" cb="0"/><line nr="153" mi="1" ci="0" mb="0" cb="0"/><line nr="154" mi="4" ci="0" mb="0" cb="0"/><line nr="155" mi="5" ci="0" mb="0" cb="0"/><line nr="162" mi="0" ci="4" mb="0" cb="0"/><counter type="INSTRUCTION" missed="50" covered="110"/><counter type="LINE" missed="15" covered="24"/><counter type="COMPLEXITY" missed="0" covered="8"/><counter type="METHOD" missed="0" covered="8"/><counter type="CLASS" missed="0" covered="1"/></sourcefile><counter type="INSTRUCTION" missed="50" covered="110"/><counter type="LINE" missed="15" covered="24"/><counter type="COMPLEXITY" missed="0" covered="8"/><counter type="METHOD" missed="0" covered="8"/><counter type="CLASS" missed="0" covered="1"/></package><package name="com/hack23/cia/service/external/val/api"><class name="com/hack23/cia/service/external/val/api/ValApiException"><method name="&lt;init&gt;" desc="(Ljava/lang/Exception;)V" line="37"><counter type="INSTRUCTION" missed="4" covered="0"/><counter type="LINE" missed="2" covered="0"/><counter type="COMPLEXITY" missed="1" covered="0"/><counter type="METHOD" missed="1" covered="0"/></method><counter type="INSTRUCTION" missed="4" covered="0"/><counter type="LINE" missed="2" covered="0"/><counter type="COMPLEXITY" missed="1" covered="0"/><counter type="METHOD" missed="1" covered="0"/><counter type="CLASS" missed="1" covered="0"/></class><sourcefile name="ValApiException.java"><line nr="37" mi="3" ci="0" mb="0" cb="0"/><line nr="38" mi="1" ci="0" mb="0" cb="0"/><counter type="INSTRUCTION" missed="4" covered="0"/><counter type="LINE" missed="2" covered="0"/><counter type="COMPLEXITY" missed="1" covered="0"/><counter type="METHOD" missed="1" covered="0"/><counter type="CLASS" missed="1" covered="0"/></sourcefile><counter type="INSTRUCTION" missed="4" covered="0"/><counter type="LINE" missed="2" covered="0"/><counter type="COMPLEXITY" missed="1" covered="0"/><counter type="METHOD" missed="1" covered="0"/><counter type="CLASS" missed="1" covered="0"/></package><counter type="INSTRUCTION" missed="54" covered="110"/><counter type="LINE" missed="17" covered="24"/><counter type="COMPLEXITY" missed="1" covered="8"/><counter type="METHOD" missed="1" covered="8"/><counter type="CLASS" missed="1" covered="1"/></report>