<?xml version="1.0" encoding="UTF-8" standalone="yes"?><!DOCTYPE report PUBLIC "-//JACOCO//DTD Report 1.0//EN" "report.dtd"><report name="encrypt.properties"><sessioninfo id="elektra-eccb05c" start="1494574756827" dump="1494574758057"/><sessioninfo id="elektra-689725c5" start="1494575424461" dump="1494575425194"/><sessioninfo id="elektra-833813df" start="1494575779744" dump="1494575783834"/><sessioninfo id="elektra-3f64be52" start="1494575965374" dump="1494575968361"/><sessioninfo id="elektra-bd1f1a4f" start="1494576147964" dump="1494576155952"/><sessioninfo id="elektra-1da7067d" start="1494576330475" dump="1494576333617"/><sessioninfo id="elektra-276a07df" start="1494576504044" dump="1494576507414"/><sessioninfo id="elektra-3ef7c1fe" start="1494576679317" dump="1494576682238"/><sessioninfo id="elektra-4d4d56e8" start="1494576862383" dump="1494576865274"/><sessioninfo id="elektra-f83dd246" start="1494577046045" dump="1494577049132"/><sessioninfo id="elektra-9bbda3e7" start="1494577228681" dump="1494577231813"/><sessioninfo id="elektra-d8cc4169" start="1494577402307" dump="1494577405544"/><sessioninfo id="elektra-be53589c" start="1494577578006" dump="1494577581204"/><sessioninfo id="elektra-aa1ec099" start="1494577746920" dump="1494577749621"/><sessioninfo id="elektra-be843e8d" start="1494577926079" dump="1494577930008"/><sessioninfo id="elektra-5ed90bba" start="1494578114000" dump="1494578117125"/><sessioninfo id="elektra-c462fc2" start="1494578298217" dump="1494578301724"/><sessioninfo id="elektra-5c423774" start="1494578472196" dump="1494578475334"/><sessioninfo id="elektra-e2b622a0" start="1494580017298" dump="1494580018217"/><sessioninfo id="elektra-c007073" start="1494580525155" dump="1494580528841"/><sessioninfo id="elektra-87df104e" start="1494580694992" dump="1494580734903"/><sessioninfo id="elektra-b6da766f" start="1494580902548" dump="1494580937689"/><sessioninfo id="elektra-57d157d2" start="1494581104318" dump="1494581112025"/><sessioninfo id="elektra-d6663aa0" start="1494581276406" dump="1494581278906"/><sessioninfo id="elektra-4071bfd8" start="1494581473001" dump="1494581964404"/><sessioninfo id="elektra-9ee1c4d4" start="1494582158003" dump="1494582202686"/><sessioninfo id="elektra-ff68e659" start="1494582391431" dump="1494582945030"/><sessioninfo id="elektra-2becbba1" start="1494583501107" dump="1494583502897"/><package name="com/hack23/cia/encryption/properties"><class name="com/hack23/cia/encryption/properties/EncryptProperty"><method name="&lt;init&gt;" desc="()V" line="60"><counter type="INSTRUCTION" missed="0" covered="3"/><counter type="LINE" missed="0" covered="2"/><counter type="COMPLEXITY" missed="0" covered="1"/><counter type="METHOD" missed="0" covered="1"/></method><method name="main" desc="([Ljava/lang/String;)V" line="69"><counter type="INSTRUCTION" missed="0" covered="42"/><counter type="BRANCH" missed="0" covered="2"/><counter type="LINE" missed="0" covered="7"/><counter type="COMPLEXITY" missed="0" covered="2"/><counter type="METHOD" missed="0" covered="1"/></method><method name="encryptValue" desc="(Ljava/lang/String;Ljava/lang/String;)Ljava/lang/String;" line="88"><counter type="INSTRUCTION" missed="0" covered="5"/><counter type="LINE" missed="0" covered="1"/><counter type="COMPLEXITY" missed="0" covered="1"/><counter type="METHOD" missed="0" covered="1"/></method><method name="getEncryptor" desc="(Ljava/lang/String;)Lorg/jasypt/encryption/pbe/StandardPBEStringEncryptor;" line="100"><counter type="INSTRUCTION" missed="0" covered="20"/><counter type="LINE" missed="0" covered="6"/><counter type="COMPLEXITY" missed="0" covered="1"/><counter type="METHOD" missed="0" covered="1"/></method><method name="decryptValue" desc="(Ljava/lang/String;Ljava/lang/String;)Ljava/lang/String;" line="119"><counter type="INSTRUCTION" missed="0" covered="5"/><counter type="LINE" missed="0" covered="1"/><counter type="COMPLEXITY" missed="0" covered="1"/><counter type="METHOD" missed="0" covered="1"/></method><counter type="INSTRUCTION" missed="0" covered="75"/><counter type="BRANCH" missed="0" covered="2"/><counter type="LINE" missed="0" covered="17"/><counter type="COMPLEXITY" missed="0" covered="6"/><counter type="METHOD" missed="0" covered="5"/><counter type="CLASS" missed="0" covered="1"/></class><sourcefile name="EncryptProperty.java"><line nr="60" mi="0" ci="2" mb="0" cb="0"/><line nr="61" mi="0" ci="1" mb="0" cb="0"/><line nr="69" mi="0" ci="4" mb="0" cb="2"/><line nr="70" mi="0" ci="11" mb="0" cb="0"/><line nr="71" mi="0" ci="10" mb="0" cb="0"/><line nr="72" mi="0" ci="12" mb="0" cb="0"/><line nr="73" mi="0" ci="1" mb="0" cb="0"/><line nr="74" mi="0" ci="3" mb="0" cb="0"/><line nr="76" mi="0" ci="1" mb="0" cb="0"/><line nr="88" mi="0" ci="5" mb="0" cb="0"/><line nr="100" mi="0" ci="5" mb="0" cb="0"/><line nr="101" mi="0" ci="4" mb="0" cb="0"/><line nr="102" mi="0" ci="3" mb="0" cb="0"/><line nr="103" mi="0" ci="3" mb="0" cb="0"/><line nr="104" mi="0" ci="3" mb="0" cb="0"/><line nr="105" mi="0" ci="2" mb="0" cb="0"/><line nr="119" mi="0" ci="5" mb="0" cb="0"/><counter type="INSTRUCTION" missed="0" covered="75"/><counter type="BRANCH" missed="0" covered="2"/><counter type="LINE" missed="0" covered="17"/><counter type="COMPLEXITY" missed="0" covered="6"/><counter type="METHOD" missed="0" covered="5"/><counter type="CLASS" missed="0" covered="1"/></sourcefile><counter type="INSTRUCTION" missed="0" covered="75"/><counter type="BRANCH" missed="0" covered="2"/><counter type="LINE" missed="0" covered="17"/><counter type="COMPLEXITY" missed="0" covered="6"/><counter type="METHOD" missed="0" covered="5"/><counter type="CLASS" missed="0" covered="1"/></package><counter type="INSTRUCTION" missed="0" covered="75"/><counter type="BRANCH" missed="0" covered="2"/><counter type="LINE" missed="0" covered="17"/><counter type="COMPLEXITY" missed="0" covered="6"/><counter type="METHOD" missed="0" covered="5"/><counter type="CLASS" missed="0" covered="1"/></report>