<?xml version="1.0" encoding="UTF-8" standalone="yes"?><!DOCTYPE report PUBLIC "-//JACOCO//DTD Report 1.0//EN" "report.dtd"><report name="service.external.common"><sessioninfo id="elektra-7bbb7ae1" start="1494496206245" dump="1494496207810"/><sessioninfo id="elektra-935ae4ba" start="1494497168789" dump="1494497169512"/><sessioninfo id="elektra-31099c31" start="1494497662709" dump="1494497666204"/><sessioninfo id="elektra-e63cc01d" start="1494497933778" dump="1494497936936"/><sessioninfo id="elektra-1c1eda14" start="1494498167734" dump="1494498176095"/><sessioninfo id="elektra-70c7d2ab" start="1494498410338" dump="1494498413305"/><sessioninfo id="elektra-44d751bd" start="1494498672699" dump="1494498676418"/><sessioninfo id="elektra-95d8cac5" start="1494498954046" dump="1494498956889"/><sessioninfo id="elektra-b7371b8c" start="1494499232327" dump="1494499235230"/><sessioninfo id="elektra-4eb8b255" start="1494499493503" dump="1494499496709"/><sessioninfo id="elektra-d475a25b" start="1494499759666" dump="1494499762890"/><sessioninfo id="elektra-5a4787ec" start="1494500020435" dump="1494500023703"/><sessioninfo id="elektra-55a619ee" start="1494500254062" dump="1494500257262"/><sessioninfo id="elektra-65dbf77b" start="1494500540218" dump="1494500543022"/><sessioninfo id="elektra-fe64a165" start="1494500796552" dump="1494500799844"/><sessioninfo id="elektra-56d9c2fd" start="1494501036870" dump="1494501040006"/><sessioninfo id="elektra-50c72cf6" start="1494501322211" dump="1494501328073"/><sessioninfo id="elektra-da6685f" start="1494501594530" dump="1494501597788"/><sessioninfo id="elektra-1261220" start="1494503871819" dump="1494503872703"/><sessioninfo id="elektra-6f3e1761" start="1494504596019" dump="1494504598066"/><package name="com/hack23/cia/service/external/common/impl"><class name="com/hack23/cia/service/external/common/impl/XmlAgentImpl"><method name="&lt;init&gt;" desc="()V" line="62"><counter type="INSTRUCTION" missed="0" covered="3"/><counter type="LINE" missed="0" covered="2"/><counter type="COMPLEXITY" missed="0" covered="1"/><counter type="METHOD" missed="0" covered="1"/></method><method name="readWithStringBuffer" desc="(Ljava/io/Reader;)Ljava/lang/String;" line="76"><counter type="INSTRUCTION" missed="0" covered="22"/><counter type="BRANCH" missed="0" covered="2"/><counter type="LINE" missed="0" covered="5"/><counter type="COMPLEXITY" missed="0" covered="2"/><counter type="METHOD" missed="0" covered="1"/></method><method name="retriveContent" desc="(Ljava/lang/String;)Ljava/lang/String;" line="88"><counter type="INSTRUCTION" missed="0" covered="21"/><counter type="LINE" missed="0" covered="4"/><counter type="COMPLEXITY" missed="0" covered="1"/><counter type="METHOD" missed="0" covered="1"/></method><method name="setNameSpaceOnXmlStream" desc="(Ljava/io/InputStream;Ljava/lang/String;)Ljavax/xml/transform/Source;" line="109"><counter type="INSTRUCTION" missed="0" covered="23"/><counter type="LINE" missed="0" covered="4"/><counter type="COMPLEXITY" missed="0" covered="1"/><counter type="METHOD" missed="0" covered="1"/></method><method name="unmarshallXml" desc="(Lorg/springframework/oxm/Unmarshaller;Ljava/lang/String;)Ljava/lang/Object;" line="118"><counter type="INSTRUCTION" missed="0" covered="8"/><counter type="LINE" missed="0" covered="1"/><counter type="COMPLEXITY" missed="0" covered="1"/><counter type="METHOD" missed="0" covered="1"/></method><method name="unmarshallXml" desc="(Lorg/springframework/oxm/Unmarshaller;Ljava/lang/String;Ljava/lang/String;Ljava/lang/String;Ljava/lang/String;)Ljava/lang/Object;" line="125"><counter type="INSTRUCTION" missed="13" covered="56"/><counter type="BRANCH" missed="3" covered="7"/><counter type="LINE" missed="1" covered="12"/><counter type="COMPLEXITY" missed="3" covered="3"/><counter type="METHOD" missed="0" covered="1"/></method><method name="readInputStream" desc="(Ljava/lang/String;)Ljava/lang/String;" line="163"><counter type="INSTRUCTION" missed="0" covered="26"/><counter type="LINE" missed="0" covered="5"/><counter type="COMPLEXITY" missed="0" covered="1"/><counter type="METHOD" missed="0" covered="1"/></method><method name="&lt;clinit&gt;" desc="()V" line="55"><counter type="INSTRUCTION" missed="0" covered="4"/><counter type="LINE" missed="0" covered="2"/><counter type="COMPLEXITY" missed="0" covered="1"/><counter type="METHOD" missed="0" covered="1"/></method><counter type="INSTRUCTION" missed="13" covered="163"/><counter type="BRANCH" missed="3" covered="9"/><counter type="LINE" missed="1" covered="35"/><counter type="COMPLEXITY" missed="3" covered="11"/><counter type="METHOD" missed="0" covered="8"/><counter type="CLASS" missed="0" covered="1"/></class><sourcefile name="XmlAgentImpl.java"><line nr="55" mi="0" ci="2" mb="0" cb="0"/><line nr="56" mi="0" ci="2" mb="0" cb="0"/><line nr="62" mi="0" ci="2" mb="0" cb="0"/><line nr="63" mi="0" ci="1" mb="0" cb="0"/><line nr="76" mi="0" ci="5" mb="0" cb="0"/><line nr="78" mi="0" ci="4" mb="0" cb="0"/><line nr="79" mi="0" ci="5" mb="0" cb="2"/><line nr="80" mi="0" ci="5" mb="0" cb="0"/><line nr="83" mi="0" ci="3" mb="0" cb="0"/><line nr="88" mi="0" ci="8" mb="0" cb="0"/><line nr="90" mi="0" ci="5" mb="0" cb="0"/><line nr="91" mi="0" ci="5" mb="0" cb="0"/><line nr="93" mi="0" ci="3" mb="0" cb="0"/><line nr="109" mi="0" ci="8" mb="0" cb="0"/><line nr="110" mi="0" ci="4" mb="0" cb="0"/><line nr="111" mi="0" ci="6" mb="0" cb="0"/><line nr="112" mi="0" ci="5" mb="0" cb="0"/><line nr="118" mi="0" ci="8" mb="0" cb="0"/><line nr="125" mi="0" ci="4" mb="0" cb="0"/><line nr="127" mi="2" ci="14" mb="2" cb="2"/><line nr="130" mi="0" ci="2" mb="1" cb="1"/><line nr="131" mi="11" ci="0" mb="0" cb="0"/><line nr="133" mi="0" ci="6" mb="0" cb="0"/><line nr="136" mi="0" ci="2" mb="0" cb="2"/><line nr="137" mi="0" ci="5" mb="0" cb="0"/><line nr="140" mi="0" ci="4" mb="0" cb="0"/><line nr="141" mi="0" ci="3" mb="0" cb="0"/><line nr="144" mi="0" ci="2" mb="0" cb="2"/><line nr="145" mi="0" ci="5" mb="0" cb="0"/><line nr="147" mi="0" ci="5" mb="0" cb="0"/><line nr="150" mi="0" ci="4" mb="0" cb="0"/><line nr="163" mi="0" ci="8" mb="0" cb="0"/><line nr="165" mi="0" ci="3" mb="0" cb="0"/><line nr="167" mi="0" ci="3" mb="0" cb="0"/><line nr="170" mi="0" ci="9" mb="0" cb="0"/><line nr="173" mi="0" ci="3" mb="0" cb="0"/><counter type="INSTRUCTION" missed="13" covered="163"/><counter type="BRANCH" missed="3" covered="9"/><counter type="LINE" missed="1" covered="35"/><counter type="COMPLEXITY" missed="3" covered="11"/><counter type="METHOD" missed="0" covered="8"/><counter type="CLASS" missed="0" covered="1"/></sourcefile><counter type="INSTRUCTION" missed="13" covered="163"/><counter type="BRANCH" missed="3" covered="9"/><counter type="LINE" missed="1" covered="35"/><counter type="COMPLEXITY" missed="3" covered="11"/><counter type="METHOD" missed="0" covered="8"/><counter type="CLASS" missed="0" covered="1"/></package><counter type="INSTRUCTION" missed="13" covered="163"/><counter type="BRANCH" missed="3" covered="9"/><counter type="LINE" missed="1" covered="35"/><counter type="COMPLEXITY" missed="3" covered="11"/><counter type="METHOD" missed="0" covered="8"/><counter type="CLASS" missed="0" covered="1"/></report>