<?xml version="1.0" encoding="UTF-8" standalone="yes"?><!DOCTYPE report PUBLIC "-//JACOCO//DTD Report 1.0//EN" "report.dtd"><report name="service.external.common"><sessioninfo id="elektra-630e21fa" start="1496126113150" dump="1496126114948"/><sessioninfo id="elektra-69aec09d" start="1496126155110" dump="1496126155830"/><sessioninfo id="elektra-b7c34138" start="1496126189092" dump="1496126192738"/><sessioninfo id="elektra-e804125c" start="1496126216276" dump="1496126219324"/><sessioninfo id="elektra-d86fa001" start="1496126241250" dump="1496126249413"/><sessioninfo id="elektra-a1ef2654" start="1496126271291" dump="1496126274276"/><sessioninfo id="elektra-c7904fc0" start="1496126295119" dump="1496126298649"/><sessioninfo id="elektra-6837a00" start="1496126320414" dump="1496126323364"/><sessioninfo id="elektra-9be99c57" start="1496126344176" dump="1496126347127"/><sessioninfo id="elektra-9d2babe5" start="1496126369186" dump="1496126372220"/><sessioninfo id="elektra-b0bde8d7" start="1496126393822" dump="1496126396986"/><sessioninfo id="elektra-b3e23554" start="1496126420070" dump="1496126423291"/><sessioninfo id="elektra-c1549824" start="1496126446382" dump="1496126449473"/><sessioninfo id="elektra-89aa4cf3" start="1496126471101" dump="1496126473892"/><sessioninfo id="elektra-b9097364" start="1496126494714" dump="1496126498077"/><sessioninfo id="elektra-879f5637" start="1496126524703" dump="1496126527877"/><sessioninfo id="elektra-95a7477" start="1496126550816" dump="1496126554219"/><sessioninfo id="elektra-1282c1c9" start="1496126577888" dump="1496126581520"/><sessioninfo id="elektra-df7aebc0" start="1496126732537" dump="1496126733449"/><sessioninfo id="elektra-f3c8a25c" start="1496126771855" dump="1496126773692"/><package name="com/hack23/cia/service/external/common/impl"><class name="com/hack23/cia/service/external/common/impl/XmlAgentImpl"><method name="&lt;init&gt;" desc="()V" line="62"><counter type="INSTRUCTION" missed="0" covered="3"/><counter type="LINE" missed="0" covered="2"/><counter type="COMPLEXITY" missed="0" covered="1"/><counter type="METHOD" missed="0" covered="1"/></method><method name="readWithStringBuffer" desc="(Ljava/io/Reader;)Ljava/lang/String;" line="76"><counter type="INSTRUCTION" missed="0" covered="22"/><counter type="BRANCH" missed="0" covered="2"/><counter type="LINE" missed="0" covered="5"/><counter type="COMPLEXITY" missed="0" covered="2"/><counter type="METHOD" missed="0" covered="1"/></method><method name="retriveContent" desc="(Ljava/lang/String;)Ljava/lang/String;" line="88"><counter type="INSTRUCTION" missed="0" covered="21"/><counter type="LINE" missed="0" covered="4"/><counter type="COMPLEXITY" missed="0" covered="1"/><counter type="METHOD" missed="0" covered="1"/></method><method name="setNameSpaceOnXmlStream" desc="(Ljava/io/InputStream;Ljava/lang/String;)Ljavax/xml/transform/Source;" line="109"><counter type="INSTRUCTION" missed="0" covered="23"/><counter type="LINE" missed="0" covered="4"/><counter type="COMPLEXITY" missed="0" covered="1"/><counter type="METHOD" missed="0" covered="1"/></method><method name="unmarshallXml" desc="(Lorg/springframework/oxm/Unmarshaller;Ljava/lang/String;)Ljava/lang/Object;" line="118"><counter type="INSTRUCTION" missed="0" covered="8"/><counter type="LINE" missed="0" covered="1"/><counter type="COMPLEXITY" missed="0" covered="1"/><counter type="METHOD" missed="0" covered="1"/></method><method name="unmarshallXml" desc="(Lorg/springframework/oxm/Unmarshaller;Ljava/lang/String;Ljava/lang/String;Ljava/lang/String;Ljava/lang/String;)Ljava/lang/Object;" line="125"><counter type="INSTRUCTION" missed="13" covered="56"/><counter type="BRANCH" missed="3" covered="7"/><counter type="LINE" missed="1" covered="12"/><counter type="COMPLEXITY" missed="3" covered="3"/><counter type="METHOD" missed="0" covered="1"/></method><method name="readInputStream" desc="(Ljava/lang/String;)Ljava/lang/String;" line="163"><counter type="INSTRUCTION" missed="0" covered="26"/><counter type="LINE" missed="0" covered="5"/><counter type="COMPLEXITY" missed="0" covered="1"/><counter type="METHOD" missed="0" covered="1"/></method><method name="&lt;clinit&gt;" desc="()V" line="55"><counter type="INSTRUCTION" missed="0" covered="4"/><counter type="LINE" missed="0" covered="2"/><counter type="COMPLEXITY" missed="0" covered="1"/><counter type="METHOD" missed="0" covered="1"/></method><counter type="INSTRUCTION" missed="13" covered="163"/><counter type="BRANCH" missed="3" covered="9"/><counter type="LINE" missed="1" covered="35"/><counter type="COMPLEXITY" missed="3" covered="11"/><counter type="METHOD" missed="0" covered="8"/><counter type="CLASS" missed="0" covered="1"/></class><sourcefile name="XmlAgentImpl.java"><line nr="55" mi="0" ci="2" mb="0" cb="0"/><line nr="56" mi="0" ci="2" mb="0" cb="0"/><line nr="62" mi="0" ci="2" mb="0" cb="0"/><line nr="63" mi="0" ci="1" mb="0" cb="0"/><line nr="76" mi="0" ci="5" mb="0" cb="0"/><line nr="78" mi="0" ci="4" mb="0" cb="0"/><line nr="79" mi="0" ci="5" mb="0" cb="2"/><line nr="80" mi="0" ci="5" mb="0" cb="0"/><line nr="83" mi="0" ci="3" mb="0" cb="0"/><line nr="88" mi="0" ci="8" mb="0" cb="0"/><line nr="90" mi="0" ci="5" mb="0" cb="0"/><line nr="91" mi="0" ci="5" mb="0" cb="0"/><line nr="93" mi="0" ci="3" mb="0" cb="0"/><line nr="109" mi="0" ci="8" mb="0" cb="0"/><line nr="110" mi="0" ci="4" mb="0" cb="0"/><line nr="111" mi="0" ci="6" mb="0" cb="0"/><line nr="112" mi="0" ci="5" mb="0" cb="0"/><line nr="118" mi="0" ci="8" mb="0" cb="0"/><line nr="125" mi="0" ci="4" mb="0" cb="0"/><line nr="127" mi="2" ci="14" mb="2" cb="2"/><line nr="130" mi="0" ci="2" mb="1" cb="1"/><line nr="131" mi="11" ci="0" mb="0" cb="0"/><line nr="133" mi="0" ci="6" mb="0" cb="0"/><line nr="136" mi="0" ci="2" mb="0" cb="2"/><line nr="137" mi="0" ci="5" mb="0" cb="0"/><line nr="140" mi="0" ci="4" mb="0" cb="0"/><line nr="141" mi="0" ci="3" mb="0" cb="0"/><line nr="144" mi="0" ci="2" mb="0" cb="2"/><line nr="145" mi="0" ci="5" mb="0" cb="0"/><line nr="147" mi="0" ci="5" mb="0" cb="0"/><line nr="150" mi="0" ci="4" mb="0" cb="0"/><line nr="163" mi="0" ci="8" mb="0" cb="0"/><line nr="165" mi="0" ci="3" mb="0" cb="0"/><line nr="167" mi="0" ci="3" mb="0" cb="0"/><line nr="170" mi="0" ci="9" mb="0" cb="0"/><line nr="173" mi="0" ci="3" mb="0" cb="0"/><counter type="INSTRUCTION" missed="13" covered="163"/><counter type="BRANCH" missed="3" covered="9"/><counter type="LINE" missed="1" covered="35"/><counter type="COMPLEXITY" missed="3" covered="11"/><counter type="METHOD" missed="0" covered="8"/><counter type="CLASS" missed="0" covered="1"/></sourcefile><counter type="INSTRUCTION" missed="13" covered="163"/><counter type="BRANCH" missed="3" covered="9"/><counter type="LINE" missed="1" covered="35"/><counter type="COMPLEXITY" missed="3" covered="11"/><counter type="METHOD" missed="0" covered="8"/><counter type="CLASS" missed="0" covered="1"/></package><counter type="INSTRUCTION" missed="13" covered="163"/><counter type="BRANCH" missed="3" covered="9"/><counter type="LINE" missed="1" covered="35"/><counter type="COMPLEXITY" missed="3" covered="11"/><counter type="METHOD" missed="0" covered="8"/><counter type="CLASS" missed="0" covered="1"/></report>