<?xml version="1.0" encoding="UTF-8" standalone="yes"?><!DOCTYPE report PUBLIC "-//JACOCO//DTD Report 1.0//EN" "report.dtd"><report name="service.external.val"><sessioninfo id="elektra-45f0351f" start="1494880581555" dump="1494880582778"/><sessioninfo id="elektra-bbb66b19" start="1494881369473" dump="1494881370172"/><sessioninfo id="elektra-16bec3a3" start="1494881809634" dump="1494881813301"/><sessioninfo id="elektra-50c5f395" start="1494882034133" dump="1494882037263"/><sessioninfo id="elektra-bac5335c" start="1494882617801" dump="1494882625837"/><sessioninfo id="elektra-9db76d3c" start="1494882842354" dump="1494882845406"/><sessioninfo id="elektra-e25dab08" start="1494883066353" dump="1494883069531"/><sessioninfo id="elektra-76f02722" start="1494883285092" dump="1494883288065"/><sessioninfo id="elektra-a00947b4" start="1494883499667" dump="1494883502688"/><sessioninfo id="elektra-c0c3e3d8" start="1494883703032" dump="1494883706212"/><sessioninfo id="elektra-aa83dc5c" start="1494883935064" dump="1494883938726"/><sessioninfo id="elektra-d03ab3fd" start="1494884161615" dump="1494884164980"/><sessioninfo id="elektra-a73de894" start="1494884388584" dump="1494884391839"/><sessioninfo id="elektra-a23e0d6c" start="1494884598713" dump="1494884601458"/><sessioninfo id="elektra-73fbc30" start="1494884815035" dump="1494884818426"/><sessioninfo id="elektra-fc76a804" start="1494885049915" dump="1494885053149"/><sessioninfo id="elektra-af7efc13" start="1494885361762" dump="1494885365242"/><sessioninfo id="elektra-3986326c" start="1494885660621" dump="1494885663719"/><sessioninfo id="elektra-76e02e35" start="1494888221018" dump="1494888221960"/><sessioninfo id="elektra-6024bd50" start="1494888876520" dump="1494888878560"/><sessioninfo id="elektra-6c8466f4" start="1494889092302" dump="1494889129246"/><sessioninfo id="elektra-3c238b9b" start="1494889372825" dump="1494889408403"/><sessioninfo id="elektra-35e1617b" start="1494889609365" dump="1494889617193"/><sessioninfo id="elektra-b24cff04" start="1494889833841" dump="1494889836444"/><package name="com/hack23/cia/service/external/val/impl"><class name="com/hack23/cia/service/external/val/impl/ValApiImpl"><method name="&lt;init&gt;" desc="()V" line="84"><counter type="INSTRUCTION" missed="0" covered="3"/><counter type="LINE" missed="0" covered="2"/><counter type="COMPLEXITY" missed="0" covered="1"/><counter type="METHOD" missed="0" covered="1"/></method><method name="getElectionTypes" desc="()Ljava/util/List;" line="89"><counter type="INSTRUCTION" missed="10" covered="19"/><counter type="LINE" missed="3" covered="4"/><counter type="COMPLEXITY" missed="0" covered="1"/><counter type="METHOD" missed="0" covered="1"/></method><method name="getParliamentElectoralRegions" desc="()Ljava/util/List;" line="104"><counter type="INSTRUCTION" missed="10" covered="19"/><counter type="LINE" missed="3" covered="4"/><counter type="COMPLEXITY" missed="0" covered="1"/><counter type="METHOD" missed="0" covered="1"/></method><method name="getCountyElectoralRegions" desc="()Ljava/util/List;" line="119"><counter type="INSTRUCTION" missed="10" covered="19"/><counter type="LINE" missed="3" covered="4"/><counter type="COMPLEXITY" missed="0" covered="1"/><counter type="METHOD" missed="0" covered="1"/></method><method name="getCountyRegions" desc="()Ljava/util/List;" line="134"><counter type="INSTRUCTION" missed="10" covered="19"/><counter type="LINE" missed="3" covered="4"/><counter type="COMPLEXITY" missed="0" covered="1"/><counter type="METHOD" missed="0" covered="1"/></method><method name="getSwedenElectionRegion" desc="()Lcom/hack23/cia/model/external/val/partier/impl/SwedenElectionRegion;" line="147"><counter type="INSTRUCTION" missed="10" covered="23"/><counter type="LINE" missed="3" covered="4"/><counter type="COMPLEXITY" missed="0" covered="1"/><counter type="METHOD" missed="0" covered="1"/></method><method name="getSwedenPoliticalParties" desc="()Ljava/util/List;" line="162"><counter type="INSTRUCTION" missed="0" covered="4"/><counter type="LINE" missed="0" covered="1"/><counter type="COMPLEXITY" missed="0" covered="1"/><counter type="METHOD" missed="0" covered="1"/></method><method name="&lt;clinit&gt;" desc="()V" line="54"><counter type="INSTRUCTION" missed="0" covered="4"/><counter type="LINE" missed="0" covered="1"/><counter type="COMPLEXITY" missed="0" covered="1"/><counter type="METHOD" missed="0" covered="1"/></method><counter type="INSTRUCTION" missed="50" covered="110"/><counter type="LINE" missed="15" covered="24"/><counter type="COMPLEXITY" missed="0" covered="8"/><counter type="METHOD" missed="0" covered="8"/><counter type="CLASS" missed="0" covered="1"/></class><sourcefile name="ValApiImpl.java"><line nr="54" mi="0" ci="4" mb="0" cb="0"/><line nr="84" mi="0" ci="2" mb="0" cb="0"/><line nr="85" mi="0" ci="1" mb="0" cb="0"/><line nr="89" mi="0" ci="4" mb="0" cb="0"/><line nr="92" mi="0" ci="8" mb="0" cb="0"/><line nr="93" mi="0" ci="4" mb="0" cb="0"/><line nr="94" mi="0" ci="3" mb="0" cb="0"/><line nr="95" mi="1" ci="0" mb="0" cb="0"/><line nr="96" mi="4" ci="0" mb="0" cb="0"/><line nr="97" mi="5" ci="0" mb="0" cb="0"/><line nr="104" mi="0" ci="4" mb="0" cb="0"/><line nr="106" mi="0" ci="8" mb="0" cb="0"/><line nr="107" mi="0" ci="4" mb="0" cb="0"/><line nr="108" mi="0" ci="3" mb="0" cb="0"/><line nr="109" mi="1" ci="0" mb="0" cb="0"/><line nr="110" mi="4" ci="0" mb="0" cb="0"/><line nr="111" mi="5" ci="0" mb="0" cb="0"/><line nr="119" mi="0" ci="4" mb="0" cb="0"/><line nr="121" mi="0" ci="8" mb="0" cb="0"/><line nr="122" mi="0" ci="4" mb="0" cb="0"/><line nr="123" mi="0" ci="3" mb="0" cb="0"/><line nr="124" mi="1" ci="0" mb="0" cb="0"/><line nr="125" mi="4" ci="0" mb="0" cb="0"/><line nr="126" mi="5" ci="0" mb="0" cb="0"/><line nr="134" mi="0" ci="4" mb="0" cb="0"/><line nr="136" mi="0" ci="8" mb="0" cb="0"/><line nr="137" mi="0" ci="4" mb="0" cb="0"/><line nr="138" mi="0" ci="3" mb="0" cb="0"/><line nr="139" mi="1" ci="0" mb="0" cb="0"/><line nr="140" mi="4" ci="0" mb="0" cb="0"/><line nr="141" mi="5" ci="0" mb="0" cb="0"/><line nr="147" mi="0" ci="4" mb="0" cb="0"/><line nr="150" mi="0" ci="8" mb="0" cb="0"/><line nr="151" mi="0" ci="4" mb="0" cb="0"/><line nr="152" mi="0" ci="7" mb="0" cb="0"/><line nr="153" mi="1" ci="0" mb="0" cb="0"/><line nr="154" mi="4" ci="0" mb="0" cb="0"/><line nr="155" mi="5" ci="0" mb="0" cb="0"/><line nr="162" mi="0" ci="4" mb="0" cb="0"/><counter type="INSTRUCTION" missed="50" covered="110"/><counter type="LINE" missed="15" covered="24"/><counter type="COMPLEXITY" missed="0" covered="8"/><counter type="METHOD" missed="0" covered="8"/><counter type="CLASS" missed="0" covered="1"/></sourcefile><counter type="INSTRUCTION" missed="50" covered="110"/><counter type="LINE" missed="15" covered="24"/><counter type="COMPLEXITY" missed="0" covered="8"/><counter type="METHOD" missed="0" covered="8"/><counter type="CLASS" missed="0" covered="1"/></package><package name="com/hack23/cia/service/external/val/api"><class name="com/hack23/cia/service/external/val/api/ValApiException"><method name="&lt;init&gt;" desc="(Ljava/lang/Exception;)V" line="37"><counter type="INSTRUCTION" missed="4" covered="0"/><counter type="LINE" missed="2" covered="0"/><counter type="COMPLEXITY" missed="1" covered="0"/><counter type="METHOD" missed="1" covered="0"/></method><counter type="INSTRUCTION" missed="4" covered="0"/><counter type="LINE" missed="2" covered="0"/><counter type="COMPLEXITY" missed="1" covered="0"/><counter type="METHOD" missed="1" covered="0"/><counter type="CLASS" missed="1" covered="0"/></class><sourcefile name="ValApiException.java"><line nr="37" mi="3" ci="0" mb="0" cb="0"/><line nr="38" mi="1" ci="0" mb="0" cb="0"/><counter type="INSTRUCTION" missed="4" covered="0"/><counter type="LINE" missed="2" covered="0"/><counter type="COMPLEXITY" missed="1" covered="0"/><counter type="METHOD" missed="1" covered="0"/><counter type="CLASS" missed="1" covered="0"/></sourcefile><counter type="INSTRUCTION" missed="4" covered="0"/><counter type="LINE" missed="2" covered="0"/><counter type="COMPLEXITY" missed="1" covered="0"/><counter type="METHOD" missed="1" covered="0"/><counter type="CLASS" missed="1" covered="0"/></package><counter type="INSTRUCTION" missed="54" covered="110"/><counter type="LINE" missed="17" covered="24"/><counter type="COMPLEXITY" missed="1" covered="8"/><counter type="METHOD" missed="1" covered="8"/><counter type="CLASS" missed="1" covered="1"/></report>